<?xml version="1.0" encoding="UTF-8"?>
<!-- Generated by org.testng.reporters.JUnitReportReporter -->
<testsuite hostname="DESKTOP-DHKQNOK" failures="0" tests="1" name="com.revision.ExcelDataRead" time="0.008" errors="0" timestamp="08 Oct 2019 17:00:29 GMT" skipped="0">
  <testcase classname="com.revision.ExcelDataRead" name="excelReading" time="0.008"/>
</testsuite> <!-- com.revision.ExcelDataRead -->
