<?xml version="1.0" encoding="UTF-8"?>
<!-- Generated by org.testng.reporters.JUnitReportReporter -->
<testsuite hostname="DESKTOP-DHKQNOK" failures="0" tests="2" name="com.revision.Alert" time="28.761" errors="0" timestamp="08 Oct 2019 14:37:50 GMT" skipped="0">
  <testcase classname="com.revision.Alert" name="alertHandlling2" time="13.829"/>
  <testcase classname="com.revision.Alert" name="alertHandlling1" time="14.932"/>
</testsuite> <!-- com.revision.Alert -->
